Determining if the pthread_create exist failed with the following output:
Change Dir: /home/netlab/nlsteers/Documents/CNOS-Labwork/sntp-coursework/cmake-build-debug/CMakeFiles/CMakeTmp

Run Build Command:"/usr/bin/gmake" "cmTC_d9930/fast"
/usr/bin/gmake -f CMakeFiles/cmTC_d9930.dir/build.make CMakeFiles/cmTC_d9930.dir/build
gmake[1]: Entering directory '/home/netlab/nlsteers/Documents/CNOS-Labwork/sntp-coursework/cmake-build-debug/CMakeFiles/CMakeTmp'
Building C object CMakeFiles/cmTC_d9930.dir/CheckSymbolExists.c.o
/usr/lib64/ccache/cc     -o CMakeFiles/cmTC_d9930.dir/CheckSymbolExists.c.o   -c /home/netlab/nlsteers/Documents/CNOS-Labwork/sntp-coursework/cmake-build-debug/CMakeFiles/CMakeTmp/CheckSymbolExists.c
Linking C executable cmTC_d9930
/home/netlab/nlsteers/Documents/clion-2016.3/bin/cmake/bin/cmake -E cmake_link_script CMakeFiles/cmTC_d9930.dir/link.txt --verbose=1
/usr/lib64/ccache/cc       CMakeFiles/cmTC_d9930.dir/CheckSymbolExists.c.o  -o cmTC_d9930 -rdynamic 
CMakeFiles/cmTC_d9930.dir/CheckSymbolExists.c.o: In function `main':
CheckSymbolExists.c:(.text+0x16): undefined reference to `pthread_create'
collect2: error: ld returned 1 exit status
CMakeFiles/cmTC_d9930.dir/build.make:97: recipe for target 'cmTC_d9930' failed
gmake[1]: *** [cmTC_d9930] Error 1
gmake[1]: Leaving directory '/home/netlab/nlsteers/Documents/CNOS-Labwork/sntp-coursework/cmake-build-debug/CMakeFiles/CMakeTmp'
Makefile:126: recipe for target 'cmTC_d9930/fast' failed
gmake: *** [cmTC_d9930/fast] Error 2

File /home/netlab/nlsteers/Documents/CNOS-Labwork/sntp-coursework/cmake-build-debug/CMakeFiles/CMakeTmp/CheckSymbolExists.c:
/* */
#include <pthread.h>

int main(int argc, char** argv)
{
  (void)argv;
#ifndef pthread_create
  return ((int*)(&pthread_create))[argc];
#else
  (void)argc;
  return 0;
#endif
}

Determining if the function pthread_create exists in the pthreads failed with the following output:
Change Dir: /home/netlab/nlsteers/Documents/CNOS-Labwork/sntp-coursework/cmake-build-debug/CMakeFiles/CMakeTmp

Run Build Command:"/usr/bin/gmake" "cmTC_97d32/fast"
/usr/bin/gmake -f CMakeFiles/cmTC_97d32.dir/build.make CMakeFiles/cmTC_97d32.dir/build
gmake[1]: Entering directory '/home/netlab/nlsteers/Documents/CNOS-Labwork/sntp-coursework/cmake-build-debug/CMakeFiles/CMakeTmp'
Building C object CMakeFiles/cmTC_97d32.dir/CheckFunctionExists.c.o
/usr/lib64/ccache/cc    -DCHECK_FUNCTION_EXISTS=pthread_create   -o CMakeFiles/cmTC_97d32.dir/CheckFunctionExists.c.o   -c /home/netlab/nlsteers/Documents/clion-2016.3/bin/cmake/share/cmake-3.6/Modules/CheckFunctionExists.c
Linking C executable cmTC_97d32
/home/netlab/nlsteers/Documents/clion-2016.3/bin/cmake/bin/cmake -E cmake_link_script CMakeFiles/cmTC_97d32.dir/link.txt --verbose=1
/usr/lib64/ccache/cc   -DCHECK_FUNCTION_EXISTS=pthread_create    CMakeFiles/cmTC_97d32.dir/CheckFunctionExists.c.o  -o cmTC_97d32 -rdynamic -lpthreads 
/usr/bin/ld: cannot find -lpthreads
collect2: error: ld returned 1 exit status
CMakeFiles/cmTC_97d32.dir/build.make:97: recipe for target 'cmTC_97d32' failed
gmake[1]: *** [cmTC_97d32] Error 1
gmake[1]: Leaving directory '/home/netlab/nlsteers/Documents/CNOS-Labwork/sntp-coursework/cmake-build-debug/CMakeFiles/CMakeTmp'
Makefile:126: recipe for target 'cmTC_97d32/fast' failed
gmake: *** [cmTC_97d32/fast] Error 2


